1)
Plan hash value: 2542404181
 
-------------------------------------------------------------------------------
| Id  | Operation        | Name       | Rows  | Bytes | Cost (%CPU)| Time     |
-------------------------------------------------------------------------------
|   0 | SELECT STATEMENT |            |   360 |  1440 |     4   (0)| 00:00:01 |
|*  1 |  INDEX RANGE SCAN| KLIENCI_PK |   360 |  1440 |     4   (0)| 00:00:01 |
-------------------------------------------------------------------------------
 
Predicate Information (identified by operation id):
---------------------------------------------------
 
   1 - access("ID_KLIENTA">=1 AND "ID_KLIENTA"<=359)

count(*)/600
0,5983333333333333333333333333333333333333



Plan hash value: 2283384783
 
------------------------------------------------------------------------------------
| Id  | Operation             | Name       | Rows  | Bytes | Cost (%CPU)| Time     |
------------------------------------------------------------------------------------
|   0 | SELECT STATEMENT      |            |   361 |  1444 |     4  (25)| 00:00:01 |
|   1 |  SORT ORDER BY        |            |   361 |  1444 |     4  (25)| 00:00:01 |
|*  2 |   INDEX FAST FULL SCAN| KLIENCI_PK |   361 |  1444 |     3   (0)| 00:00:01 |
------------------------------------------------------------------------------------
 
Predicate Information (identified by operation id):
---------------------------------------------------
 
   2 - filter("ID_KLIENTA"<=360 AND "ID_KLIENTA">=1)

count(*)/600
0,6


2)
Plan hash value: 598545857
 
-----------------------------------------------------------------------------
| Id  | Operation        | Name     | Rows  | Bytes | Cost (%CPU)| Time     |
-----------------------------------------------------------------------------
|   0 | SELECT STATEMENT |          |     1 |    20 |     4   (0)| 00:00:01 |
|*  1 |  INDEX RANGE SCAN| NAME_IDX |     1 |    20 |     4   (0)| 00:00:01 |
-----------------------------------------------------------------------------
 
Predicate Information (identified by operation id):
---------------------------------------------------
 
   1 - access("ID_KLIENTA">=1 AND "IMIE"='Tomek' AND 
              "NAZWISKO"='Karkonot' AND "ID_KLIENTA"<=163)
       filter("IMIE"='Tomek' AND "NAZWISKO"='Karkonot')

count(*)/600
0,2716666666666666666666666666666666666667


Plan hash value: 3504772800
 
---------------------------------------------------------------------------------
| Id  | Operation            | Name     | Rows  | Bytes | Cost (%CPU)| Time     |
---------------------------------------------------------------------------------
|   0 | SELECT STATEMENT     |          |     1 |    20 |     4   (0)| 00:00:01 |
|*  1 |  INDEX FAST FULL SCAN| NAME_IDX |     1 |    20 |     4   (0)| 00:00:01 |
---------------------------------------------------------------------------------
 
Predicate Information (identified by operation id):
---------------------------------------------------
 
   1 - filter("IMIE"='Tomek' AND "NAZWISKO"='Karkonot' AND 
              "ID_KLIENTA"<=164 AND "ID_KLIENTA">=1)

count(*)/600
0,2733333333333333333333333333333333333333



3)
Plan hash value: 2740787658
 
------------------------------------------------------------------------------
| Id  | Operation        | Name      | Rows  | Bytes | Cost (%CPU)| Time     |
------------------------------------------------------------------------------
|   0 | SELECT STATEMENT |           |     9 |   135 |     4   (0)| 00:00:01 |
|*  1 |  INDEX RANGE SCAN| NAME_IDX4 |     9 |   135 |     4   (0)| 00:00:01 |
------------------------------------------------------------------------------
 
Predicate Information (identified by operation id):
---------------------------------------------------
 
   1 - access("ID_KLIENTA">=1 AND "RABAT">=0 AND "ID_KLIENTA"<=179 AND 
              "RABAT"<=5)
       filter("NAZWISKO" LIKE '%niak' AND "RABAT"<=5 AND "RABAT">=0)

count(*)/600
0,2983333333333333333333333333333333333333


Plan hash value: 2156579926
 
----------------------------------------------------------------------------------
| Id  | Operation            | Name      | Rows  | Bytes | Cost (%CPU)| Time     |
----------------------------------------------------------------------------------
|   0 | SELECT STATEMENT     |           |     9 |   135 |     4   (0)| 00:00:01 |
|*  1 |  INDEX FAST FULL SCAN| NAME_IDX4 |     9 |   135 |     4   (0)| 00:00:01 |
----------------------------------------------------------------------------------
 
Predicate Information (identified by operation id):
---------------------------------------------------
 
   1 - filter("ID_KLIENTA"<=180 AND "NAZWISKO" LIKE '%niak' AND 
              "RABAT"<=5 AND "RABAT">=0 AND "ID_KLIENTA">=1)

count(*)/600
0,3




others:

1)
Plan hash value: 1079417775
 
-----------------------------------------------------------------------------------------
| Id  | Operation                   | Name      | Rows  | Bytes | Cost (%CPU)| Time     |
-----------------------------------------------------------------------------------------
|   0 | SELECT STATEMENT            |           |     1 |    24 |     7   (0)| 00:00:01 |
|*  1 |  TABLE ACCESS BY INDEX ROWID| KLIENT    |     1 |    24 |     7   (0)| 00:00:01 |
|*  2 |   INDEX RANGE SCAN          | NAME_IDX3 |     5 |       |     2   (0)| 00:00:01 |
-----------------------------------------------------------------------------------------
 
Predicate Information (identified by operation id):
---------------------------------------------------
 
   1 - filter("IMIE"='Tomek' AND "NAZWISKO"='Wazniak')
   2 - access("PESEL">=23823437594 AND "PESEL"<=24295141560)


Plan hash value: 1829136633
 
----------------------------------------------------------------------------
| Id  | Operation         | Name   | Rows  | Bytes | Cost (%CPU)| Time     |
----------------------------------------------------------------------------
|   0 | SELECT STATEMENT  |        |     1 |    24 |     7   (0)| 00:00:01 |
|*  1 |  TABLE ACCESS FULL| KLIENT |     1 |    24 |     7   (0)| 00:00:01 |
----------------------------------------------------------------------------
 
Predicate Information (identified by operation id):
---------------------------------------------------
 
   1 - filter("IMIE"='Tomek' AND "NAZWISKO"='Wazniak' AND 
              "PESEL"<=24295141560 AND "PESEL">=23823437593)


2)

Plan hash value: 1829136633
 
----------------------------------------------------------------------------
| Id  | Operation         | Name   | Rows  | Bytes | Cost (%CPU)| Time     |
----------------------------------------------------------------------------
|   0 | SELECT STATEMENT  |        |     1 |    19 |     7   (0)| 00:00:01 |
|*  1 |  TABLE ACCESS FULL| KLIENT |     1 |    19 |     7   (0)| 00:00:01 |
----------------------------------------------------------------------------
 
Predicate Information (identified by operation id):
---------------------------------------------------
 
   1 - filter("IMIE"='Adam' AND "NAZWISKO"='Karkonot' AND "RABAT">1)


3)
Plan hash value: 3504772800
 
---------------------------------------------------------------------------------
| Id  | Operation            | Name     | Rows  | Bytes | Cost (%CPU)| Time     |
---------------------------------------------------------------------------------
|   0 | SELECT STATEMENT     |          |     1 |    16 |     4   (0)| 00:00:01 |
|*  1 |  INDEX FAST FULL SCAN| NAME_IDX |     1 |    16 |     4   (0)| 00:00:01 |
---------------------------------------------------------------------------------
 
Predicate Information (identified by operation id):
---------------------------------------------------
 
   1 - filter("IMIE"='Tomek' AND "NAZWISKO"='Karkonot')

